<?xml version="1.0" encoding="UTF-8"?>
<!-- Generated by org.testng.reporters.JUnitReportReporter -->
<testsuite hostname="DESKTOP-NA85CSH" failures="0" tests="1" name="automateWebSites.ToolQAsite" time="18.643" errors="0" timestamp="2022-04-23T15:51:28 IST" skipped="0">
  <testcase classname="automateWebSites.ToolQAsite" name="Homepage" time="18.643"/>
  <system-out/>
</testsuite> <!-- automateWebSites.ToolQAsite -->
