<?xml version="1.0" encoding="UTF-8"?>
<!-- Generated by org.testng.reporters.JUnitReportReporter -->
<testsuite hostname="DESKTOP-NA85CSH" failures="0" tests="1" name="toolQAWebSites.ValidateAuthorandPulisher" time="0.000" errors="0" timestamp="2022-04-21T09:13:39 IST" skipped="1">
  <testcase classname="toolQAWebSites.ValidateAuthorandPulisher" name="ValidateAuthorAndPublisher" time="0.000">
    <skipped/>
  </testcase> <!-- ValidateAuthorAndPublisher -->
  <system-out/>
</testsuite> <!-- toolQAWebSites.ValidateAuthorandPulisher -->
