<?xml version="1.0" encoding="UTF-8"?>
<!-- Generated by org.testng.reporters.JUnitReportReporter -->
<testsuite hostname="DESKTOP-NA85CSH" failures="0" tests="3" name="seleniumWeb.seleniumTestNG.TestNG" time="0.022" errors="0" timestamp="2022-02-28T15:29:36 IST" skipped="0">
  <testcase classname="seleniumWeb.seleniumTestNG.TestNG" name="secondTNG" time="0.002"/>
  <system-out/>
  <testcase classname="seleniumWeb.seleniumTestNG.TestNG" name="firstTNG" time="0.016"/>
  <system-out/>
  <testcase classname="seleniumWeb.seleniumTestNG.TestNG" name="thirdTNG" time="0.004"/>
  <system-out/>
</testsuite> <!-- seleniumWeb.seleniumTestNG.TestNG -->
