<?xml version="1.0" encoding="UTF-8"?>
<!-- Generated by org.testng.reporters.JUnitReportReporter -->
<testsuite hostname="DESKTOP-NA85CSH" failures="0" tests="4" name="seleniumWeb.seleniumTestNG.DataProviderDemo" time="141.124" errors="0" timestamp="2022-03-15T18:52:55 IST" skipped="0">
  <testcase classname="seleniumWeb.seleniumTestNG.DataProviderDemo" name="login" time="31.992"/>
  <system-out/>
  <testcase classname="seleniumWeb.seleniumTestNG.DataProviderDemo" name="login" time="31.066"/>
  <system-out/>
  <testcase classname="seleniumWeb.seleniumTestNG.DataProviderDemo" name="login" time="44.147"/>
  <system-out/>
  <testcase classname="seleniumWeb.seleniumTestNG.DataProviderDemo" name="login" time="33.919"/>
  <system-out/>
</testsuite> <!-- seleniumWeb.seleniumTestNG.DataProviderDemo -->
