<?xml version="1.0" encoding="UTF-8"?>
<!-- Generated by org.testng.reporters.JUnitReportReporter -->
<testsuite hostname="DESKTOP-NA85CSH" failures="0" tests="2" name="seleniumWeb.seleniumTestNG.TestNGTestDemo" time="0.004" errors="0" timestamp="2022-03-02T19:48:02 IST" skipped="0">
  <testcase classname="seleniumWeb.seleniumTestNG.TestNGTestDemo" name="secondTNG" time="0.002"/>
  <system-out/>
  <testcase classname="seleniumWeb.seleniumTestNG.TestNGTestDemo" name="display" time="0.002"/>
  <system-out/>
</testsuite> <!-- seleniumWeb.seleniumTestNG.TestNGTestDemo -->
