<?xml version="1.0" encoding="UTF-8"?>
<!-- Generated by org.testng.reporters.JUnitReportReporter -->
<testsuite hostname="DESKTOP-NA85CSH" failures="0" tests="3" name="seleniumWeb.seleniumTestNG.OpenBrowser" time="22.053" errors="0" timestamp="2022-03-01T20:05:53 IST" skipped="0">
  <testcase classname="seleniumWeb.seleniumTestNG.OpenBrowser" name="Browser" time="17.933"/>
  <system-out/>
  <testcase classname="seleniumWeb.seleniumTestNG.OpenBrowser" name="login" time="0.718"/>
  <system-out/>
  <testcase classname="seleniumWeb.seleniumTestNG.OpenBrowser" name="Cancelwindow" time="3.402"/>
  <system-out/>
</testsuite> <!-- seleniumWeb.seleniumTestNG.OpenBrowser -->
