<?xml version="1.0" encoding="UTF-8"?>
<!-- Generated by org.testng.reporters.JUnitReportReporter -->
<testsuite hostname="DESKTOP-NA85CSH" failures="0" tests="1" name="seleniumWeb.seleniumTestNG.Runnerclass" time="0.050" errors="0" timestamp="2022-04-17T08:54:29 IST" skipped="0">
  <testcase classname="seleniumWeb.seleniumTestNG.Runnerclass" name="display" time="0.050"/>
  <system-out/>
</testsuite> <!-- seleniumWeb.seleniumTestNG.Runnerclass -->
