<?xml version="1.0" encoding="UTF-8"?>
<!-- Generated by org.testng.reporters.JUnitReportReporter -->
<testsuite hostname="DESKTOP-NA85CSH" failures="0" tests="6" name="seleniumWeb.seleniumTestNG.FlipkartOrder" time="49.297" errors="0" timestamp="2022-03-04T13:20:27 IST" skipped="0">
  <testcase classname="seleniumWeb.seleniumTestNG.FlipkartOrder" name="Browser" time="16.811"/>
  <system-out/>
  <testcase classname="seleniumWeb.seleniumTestNG.FlipkartOrder" name="Cancelwindow" time="0.362"/>
  <system-out/>
  <testcase classname="seleniumWeb.seleniumTestNG.FlipkartOrder" name="Itemsearch" time="0.414"/>
  <system-out/>
  <testcase classname="seleniumWeb.seleniumTestNG.FlipkartOrder" name="Selection" time="8.406"/>
  <system-out/>
  <testcase classname="seleniumWeb.seleniumTestNG.FlipkartOrder" name="CartPage" time="18.342"/>
  <system-out/>
  <testcase classname="seleniumWeb.seleniumTestNG.FlipkartOrder" name="Login" time="4.962"/>
  <system-out/>
</testsuite> <!-- seleniumWeb.seleniumTestNG.FlipkartOrder -->
