<?xml version="1.0" encoding="UTF-8"?>
<!-- Generated by org.testng.reporters.JUnitReportReporter -->
<testsuite hostname="DESKTOP-NA85CSH" failures="0" tests="2" name="automateWebSites.ToolQAReadExcel" time="15.187" errors="0" timestamp="2022-04-22T08:51:59 IST" skipped="0">
  <testcase classname="automateWebSites.ToolQAReadExcel" name="Homepage" time="14.883"/>
  <system-out/>
  <testcase classname="automateWebSites.ToolQAReadExcel" name="validateElements" time="0.304"/>
  <system-out/>
</testsuite> <!-- automateWebSites.ToolQAReadExcel -->
