<?xml version="1.0" encoding="UTF-8"?>
<!-- Generated by org.testng.reporters.JUnitReportReporter -->
<testsuite hostname="DESKTOP-NA85CSH" failures="0" tests="4" name="seleniumWeb.seleniumTestNG.FLIPKARTmodel" time="30.661" errors="0" timestamp="2022-03-07T12:29:07 IST" skipped="0">
  <testcase classname="seleniumWeb.seleniumTestNG.FLIPKARTmodel" name="Cancelwindow" time="0.823"/>
  <system-out/>
  <testcase classname="seleniumWeb.seleniumTestNG.FLIPKARTmodel" name="Itemsearch" time="0.297"/>
  <system-out>
    <![CDATA[I Want to Search Mobiles]]>
  </system-out>
  <testcase classname="seleniumWeb.seleniumTestNG.FLIPKARTmodel" name="Selection" time="10.638"/>
  <system-out>
    <![CDATA[I Want to See Mobile images]]>
  </system-out>
  <testcase classname="seleniumWeb.seleniumTestNG.FLIPKARTmodel" name="CartPage" time="18.903"/>
  <system-out>
    <![CDATA[Your order sucessfully Placed]]>
  </system-out>
</testsuite> <!-- seleniumWeb.seleniumTestNG.FLIPKARTmodel -->
